Build started 6/20/2014 9:00:20 PM.
     1>Project "E:\Library\Dropbox\School\WSU\CTS 223\HW2\HW2\CptS_223_HW2.vcxproj" on node 2 (Build target(s)).
     1>ClCompile:
         E:\Visual Studio 2013\VC\bin\CL.exe /c /ZI /nologo /W3 /WX- /Od /Oy- /D WIN32 /D _DEBUG /D _CONSOLE /D _UNICODE /D UNICODE /Gm /EHsc /RTC1 /MDd /GS /fp:precise /Zc:wchar_t /Zc:forScope /Fo"Debug\\" /Fd"Debug\vc120.pdb" /Gd /TP /analyze- /errorReport:prompt hw2_main.cpp
         hw2_main.cpp
     1>e:\library\dropbox\school\wsu\cts 223\hw2\hw2\hw2_main.cpp(26): warning C4996: 'fopen': This function or variable may be unsafe. Consider using fopen_s instead. To disable deprecation, use _CRT_SECURE_NO_WARNINGS. See online help for details.
                 e:\visual studio 2013\vc\include\stdio.h(211) : see declaration of 'fopen'
     1>e:\library\dropbox\school\wsu\cts 223\hw2\hw2\hw2_main.cpp(150): warning C4996: 'strtok': This function or variable may be unsafe. Consider using strtok_s instead. To disable deprecation, use _CRT_SECURE_NO_WARNINGS. See online help for details.
                 e:\visual studio 2013\vc\include\string.h(204) : see declaration of 'strtok'
     1>e:\library\dropbox\school\wsu\cts 223\hw2\hw2\hw2_main.cpp(158): warning C4996: 'strtok': This function or variable may be unsafe. Consider using strtok_s instead. To disable deprecation, use _CRT_SECURE_NO_WARNINGS. See online help for details.
                 e:\visual studio 2013\vc\include\string.h(204) : see declaration of 'strtok'
     1>e:\library\dropbox\school\wsu\cts 223\hw2\hw2\hw2_main.cpp(164): warning C4996: 'strtok': This function or variable may be unsafe. Consider using strtok_s instead. To disable deprecation, use _CRT_SECURE_NO_WARNINGS. See online help for details.
                 e:\visual studio 2013\vc\include\string.h(204) : see declaration of 'strtok'
     1>e:\library\dropbox\school\wsu\cts 223\hw2\hw2\hw2_main.cpp(172): warning C4996: 'strtok': This function or variable may be unsafe. Consider using strtok_s instead. To disable deprecation, use _CRT_SECURE_NO_WARNINGS. See online help for details.
                 e:\visual studio 2013\vc\include\string.h(204) : see declaration of 'strtok'
       Link:
         E:\Visual Studio 2013\VC\bin\link.exe /ERRORREPORT:PROMPT /OUT:"E:\Library\Dropbox\School\WSU\CTS 223\HW2\HW2\Debug\CptS_223_HW2.exe" /INCREMENTAL /NOLOGO kernel32.lib user32.lib gdi32.lib winspool.lib comdlg32.lib advapi32.lib shell32.lib ole32.lib oleaut32.lib uuid.lib odbc32.lib odbccp32.lib /MANIFEST /MANIFESTUAC:"level='asInvoker' uiAccess='false'" /manifest:embed /DEBUG /PDB:"E:\Library\Dropbox\School\WSU\CTS 223\HW2\HW2\Debug\CptS_223_HW2.pdb" /SUBSYSTEM:CONSOLE /TLBID:1 /DYNAMICBASE /NXCOMPAT /IMPLIB:"E:\Library\Dropbox\School\WSU\CTS 223\HW2\HW2\Debug\CptS_223_HW2.lib" /MACHINE:X86 Debug\HW2BST.obj
         Debug\hw2_main.obj
         CptS_223_HW2.vcxproj -> E:\Library\Dropbox\School\WSU\CTS 223\HW2\HW2\Debug\CptS_223_HW2.exe
     1>Done Building Project "E:\Library\Dropbox\School\WSU\CTS 223\HW2\HW2\CptS_223_HW2.vcxproj" (Build target(s)).

Build succeeded.

Time Elapsed 00:00:00.45
